<?xml version="1.0" encoding="UTF-8"?>
<!-- Generated by org.testng.reporters.JUnitReportReporter -->
<testsuite hostname="DESKTOP-AD44IUN" failures="0" tests="9" name="testcases.AmazonDDT" time="15.636" errors="0" timestamp="2023-02-03T08:24:04 IST" skipped="0">
  <testcase classname="testcases.AmazonDDT" name="sign" time="5.334"/>
  <system-out/>
  <testcase classname="testcases.AmazonDDT" name="Regform" time="1.117"/>
  <system-out/>
  <testcase classname="testcases.AmazonDDT" name="Regform" time="1.244"/>
  <system-out/>
  <testcase classname="testcases.AmazonDDT" name="Regform" time="1.232"/>
  <system-out/>
  <testcase classname="testcases.AmazonDDT" name="Regform" time="1.281"/>
  <system-out/>
  <testcase classname="testcases.AmazonDDT" name="Regform" time="1.232"/>
  <system-out/>
  <testcase classname="testcases.AmazonDDT" name="Regform" time="1.150"/>
  <system-out/>
  <testcase classname="testcases.AmazonDDT" name="Regform" time="1.284"/>
  <system-out/>
  <testcase classname="testcases.AmazonDDT" name="Regform" time="1.762"/>
  <system-out/>
</testsuite> <!-- testcases.AmazonDDT -->
