<?xml version="1.0" encoding="UTF-8"?>
<!-- Generated by org.testng.reporters.JUnitReportReporter -->
<testsuite hostname="DESKTOP-AD44IUN" failures="0" tests="1" name="testcases.RegistrationPage" time="3.281" errors="0" timestamp="2023-02-01T09:42:53 IST" skipped="0">
  <testcase classname="testcases.RegistrationPage" name="RegistrationPage1" time="3.281"/>
  <system-out/>
</testsuite> <!-- testcases.RegistrationPage -->
