<?xml version="1.0" encoding="UTF-8"?>
<!-- Generated by org.testng.reporters.JUnitReportReporter -->
<testsuite hostname="DESKTOP-AD44IUN" failures="0" tests="1" name="testcases.HomePage" time="2.167" errors="0" timestamp="2023-02-02T08:04:52 IST" skipped="0">
  <testcase classname="testcases.HomePage" name="Signin" time="2.167"/>
  <system-out/>
</testsuite> <!-- testcases.HomePage -->
