<?xml version="1.0" encoding="UTF-8"?>
<!-- Generated by org.testng.reporters.JUnitReportReporter -->
<testsuite hostname="DESKTOP-AD44IUN" failures="0" tests="9" name="testcases.Snippet" time="7.107" errors="0" timestamp="2023-02-01T22:41:50 IST" skipped="0">
  <testcase classname="testcases.Snippet" name="signIn" time="2.215"/>
  <system-out/>
  <testcase classname="testcases.Snippet" name="RegForm" time="0.583"/>
  <system-out/>
  <testcase classname="testcases.Snippet" name="RegForm" time="0.607"/>
  <system-out/>
  <testcase classname="testcases.Snippet" name="RegForm" time="0.531"/>
  <system-out/>
  <testcase classname="testcases.Snippet" name="RegForm" time="0.866"/>
  <system-out/>
  <testcase classname="testcases.Snippet" name="RegForm" time="0.596"/>
  <system-out/>
  <testcase classname="testcases.Snippet" name="RegForm" time="0.526"/>
  <system-out/>
  <testcase classname="testcases.Snippet" name="RegForm" time="0.702"/>
  <system-out/>
  <testcase classname="testcases.Snippet" name="RegForm" time="0.481"/>
  <system-out/>
</testsuite> <!-- testcases.Snippet -->
